<?xml version="1.0" encoding="UTF-8"?>
<!-- Generated by org.testng.reporters.JUnitXMLReporter -->
<testsuite ignored="0" hostname="DESKTOP-2BVKFCN" failures="1" tests="2" name="opencart_Tests" time="22.108" errors="0" timestamp="2022-02-09T01:03:19 AEDT">
  <testcase classname="testCases.tc_001_AccountRegestration" name="test_account_registration" time="7.608"/>
  <testcase classname="testCases.tc_002_Login_testcase" name="Loign_test" time="10.203">
    <failure type="java.lang.AssertionError" message="expected [true] but found [false]">
      <![CDATA[java.lang.AssertionError: expected [true] but found [false]
at testCases.tc_002_Login_testcase.Loign_test(tc_002_Login_testcase.java:47)
at java.base/java.util.ArrayList.forEach(ArrayList.java:1511)
... Removed 31 stack frames]]>
    </failure>
  </testcase> <!-- Loign_test -->
</testsuite> <!-- opencart_Tests -->
